2026-06-16 21:22:26,656 | File Added: C:/Users/HARSH/OneDrive/Documents/2026/project/Password Strength Checker/main1.py
2026-06-16 21:22:49,844 | Real-Time Monitoring Started
2026-06-16 21:23:01,586 | Real-Time Monitoring Started
2026-06-16 21:24:17,764 | Integrity Violation: C:/Users/HARSH/OneDrive/Documents/2026/project/Password Strength Checker/main1.py
2026-06-16 21:25:03,792 | Real-Time Monitoring Started
2026-06-16 21:25:14,152 | File Removed: C:/Users/HARSH/OneDrive/Documents/2026/project/Password Strength Checker/main1.py
2026-06-16 21:25:23,919 | Real-Time Monitoring Stopped
2026-06-16 21:30:35,123 | File Added: C:/Users/HARSH/OneDrive/Documents/NEW 2022.docx
2026-06-16 21:30:44,565 | Real-Time Monitoring Started
2026-06-16 21:32:05,499 | File Added: C:/Users/HARSH/OneDrive/Documents/2026/Research Paper/Table of Reserach Papers.docx
2026-06-16 21:33:06,861 | File Removed: C:/Users/HARSH/OneDrive/Documents/NEW 2022.docx
2026-06-16 21:33:15,689 | File Removed: C:/Users/HARSH/OneDrive/Documents/2026/Research Paper/Table of Reserach Papers.docx
2026-06-16 21:33:19,460 | Real-Time Monitoring Stopped
2026-06-16 21:40:00,002 | File Added: C:/Users/HARSH/OneDrive/Documents/2026/Research Paper/Reading of Research Paper.docx
2026-06-16 21:41:37,816 | Real-Time Monitoring Started
2026-06-16 21:41:56,605 | Integrity Violation: C:/Users/HARSH/OneDrive/Documents/2026/Research Paper/Reading of Research Paper.docx
2026-06-16 21:43:22,125 | Integrity Violation: C:/Users/HARSH/OneDrive/Documents/2026/Research Paper/Reading of Research Paper.docx
2026-06-16 21:44:56,156 | Real-Time Monitoring Stopped
2026-06-16 21:46:38,521 | Integrity Violation: C:/Users/HARSH/OneDrive/Documents/2026/Research Paper/Reading of Research Paper.docx
2026-06-16 21:47:04,367 | File Added: C:/Users/HARSH/OneDrive/Documents/WhatsApp Image 2024-08-26 at 18.26.46_341e25dd.jpg
2026-06-16 21:47:11,455 | Real-Time Monitoring Started
2026-06-16 21:48:32,121 | Integrity Violation: C:/Users/HARSH/OneDrive/Documents/2026/Research Paper/Reading of Research Paper.docx
2026-06-16 21:49:42,712 | Real-Time Monitoring Stopped
2026-06-16 21:51:54,965 | Real-Time Monitoring Started
2026-06-16 21:54:05,561 | Real-Time Monitoring Stopped
2026-06-16 21:55:40,561 | Real-Time Monitoring Started
2026-06-16 21:56:14,004 | Real-Time Monitoring Stopped
2026-06-16 21:58:02,533 | Real-Time Monitoring Started
2026-06-16 21:59:02,669 | Real-Time Monitoring Stopped
2026-06-16 22:01:34,565 | Real-Time Monitoring Started
2026-06-16 22:03:11,679 | Real-Time Monitoring Stopped
2026-06-16 22:05:36,235 | File Added: C:/Users/HARSH/OneDrive/Desktop/test.txt
2026-06-16 22:05:42,326 | Real-Time Monitoring Started
2026-06-16 22:06:52,554 | Integrity Violation: C:/Users/HARSH/OneDrive/Documents/2026/Research Paper/Reading of Research Paper.docx
2026-06-16 22:06:52,561 | Integrity Violation: C:/Users/HARSH/OneDrive/Desktop/test.txt
2026-06-16 22:08:20,403 | File Removed: C:/Users/HARSH/OneDrive/Desktop/test.txt
2026-06-16 22:08:24,084 | File Removed: C:/Users/HARSH/OneDrive/Documents/2026/Research Paper/Reading of Research Paper.docx
2026-06-16 22:08:32,554 | File Removed: C:/Users/HARSH/OneDrive/Documents/WhatsApp Image 2024-08-26 at 18.26.46_341e25dd.jpg
2026-06-16 22:08:35,415 | Real-Time Monitoring Stopped
2026-06-16 22:11:34,061 | File Added: C:/Users/HARSH/OneDrive/Desktop/test.txt
2026-06-16 22:11:38,219 | Real-Time Monitoring Started
2026-06-16 22:12:02,196 | Real-Time Monitoring Stopped
2026-06-16 22:12:15,643 | Real-Time Monitoring Started
2026-06-16 22:15:39,573 | File Removed: C:/Users/HARSH/OneDrive/Desktop/test.txt
2026-06-16 22:15:43,954 | Real-Time Monitoring Stopped
2026-06-16 22:37:04,574 | File Added: C:/Users/HARSH/OneDrive/Desktop/test.txt
2026-06-16 22:37:15,566 | Real-Time Monitoring Started
2026-06-16 22:38:03,259 | Real-Time Monitoring Stopped
2026-06-16 22:51:39,557 | File Added: C:/Users/HARSH/OneDrive/Desktop/test.txt
2026-06-16 22:51:44,735 | File Removed: C:/Users/HARSH/OneDrive/Desktop/test.txt
2026-06-16 22:51:47,033 | Real-Time Monitoring Started
2026-06-16 22:52:01,801 | Integrity Violation: C:\Users\HARSH\OneDrive\Desktop\test.txt
2026-06-16 22:52:01,801 | Integrity Violation: C:\Users\HARSH\OneDrive\Desktop\test.txt
2026-06-16 22:53:14,374 | Integrity Violation: C:\Users\HARSH\OneDrive\Desktop\test.txt
2026-06-16 22:53:35,155 | Integrity Violation: C:\Users\HARSH\OneDrive\Desktop\test.txt
2026-06-16 22:53:35,158 | Integrity Violation: C:\Users\HARSH\OneDrive\Desktop\test.txt
2026-06-16 22:53:51,211 | File Removed: C:\Users\HARSH\OneDrive\Desktop\test.txt
2026-06-16 22:53:54,017 | Real-Time Monitoring Stopped
2026-06-16 22:57:42,123 | File Added: C:/Users/HARSH/OneDrive/Desktop/test.txt
2026-06-16 22:57:45,353 | Real-Time Monitoring Started
2026-06-16 22:57:54,302 | Integrity Violation: C:\Users\HARSH\OneDrive\Desktop\test.txt
2026-06-16 22:57:54,305 | Integrity Violation: C:\Users\HARSH\OneDrive\Desktop\test.txt
2026-06-16 22:58:05,831 | File Removed: C:\Users\HARSH\OneDrive\Desktop\test.txt
2026-06-16 22:58:08,660 | Real-Time Monitoring Stopped
